


ARM Macro Assembler    Page 1 


    1 00000000         ; ******************************************************
                       ********************************
    2 00000000         ; *
    3 00000000         ;   (C) COPYRIGHT 2014-2020 Gowin Semiconductor Technolo
                       gy Co.,Ltd.
    4 00000000         ; *
    5 00000000         ; * File Name : startup_GOWIN_M3.s
    6 00000000         ; * Author  : Embedded Development Team
    7 00000000         ; * Version  : V1.0.0
    8 00000000         ; * Date  : 2020-4-1 09:00:00
    9 00000000         ; * Description : Gowin_EMPU_M3 Devices vector table for
                        ARM toolchain
   10 00000000         ; *     This module performs:
   11 00000000         ; *     - Set the initial SP
   12 00000000         ; *     - Set the initial PC == Reset_Handler
   13 00000000         ; *     - Set the vector table entries with exceptions I
                       SR address
   14 00000000         ; *     - Configure the system clock
   15 00000000         ; *     - Branches to __main in the C library(which even
                       tually calls main())
   16 00000000         ; *     After Reset the Cortex-M3 processor is in Thread
                        mode,
   17 00000000         ; *     priority is Privileged and the Stach is set to M
                       ain
   18 00000000         ; *
   19 00000000         ; * <<< Use Configuration Wizard in Context Menu >>>
   20 00000000         ; *
   21 00000000         ; ******************************************************
                       **********************************
   22 00000000         
   23 00000000         ; <h> Stack Configuration
   24 00000000         ;   <o> Stack Size (in Bytes) <0x0-0xFFFFFFFF:8>
   25 00000000         ; </h>
   26 00000000         
   27 00000000 00001000 
                       Stack_Size
                               EQU              0x00001000
   28 00000000         
   29 00000000                 AREA             STACK, NOINIT, READWRITE, ALIGN
=3
   30 00000000         Stack_Mem
                               SPACE            Stack_Size
   31 00001000         __initial_sp
   32 00001000         
   33 00001000         
   34 00001000         ; <h> Heap Configuration
   35 00001000         ;   <o>  Heap Size (in Bytes) <0x0-0xFFFFFFFF:8>
   36 00001000         ; </h>
   37 00001000         
   38 00001000         ;Heap_Size       EQU     0x00001000
   39 00001000 00006000 
                       Heap_Size
                               EQU              0x00006000
   40 00001000         
   41 00001000                 AREA             HEAP, NOINIT, READWRITE, ALIGN=
3
   42 00000000         __heap_base
   43 00000000         Heap_Mem
                               SPACE            Heap_Size



ARM Macro Assembler    Page 2 


   44 00006000         __heap_limit
   45 00006000         
   46 00006000         
   47 00006000                 PRESERVE8
   48 00006000                 THUMB
   49 00006000         
   50 00006000         
   51 00006000         ; Vector Table Mapped to Address 0 at Reset
   52 00006000         
   53 00006000                 AREA             RESET, DATA, READONLY
   54 00000000                 EXPORT           __Vectors
   55 00000000                 EXPORT           __Vectors_End
   56 00000000                 EXPORT           __Vectors_Size
   57 00000000         
   58 00000000 00000000 
                       __Vectors
                               DCD              __initial_sp ; Top of Stack
   59 00000004 00000000        DCD              Reset_Handler ; Reset Handler
   60 00000008 00000000        DCD              NMI_Handler ; -14 NMI Handler
   61 0000000C 00000000        DCD              HardFault_Handler ; -13 Hard Fa
                                                            ult Handler
   62 00000010 00000000        DCD              MemManage_Handler ; -12 MPU Fau
                                                            lt Handler
   63 00000014 00000000        DCD              BusFault_Handler ; -11 Bus Faul
                                                            t Handler
   64 00000018 00000000        DCD              UsageFault_Handler ; -10 Usage 
                                                            Fault Handler
   65 0000001C 00000000        DCD              0           ; Reserved
   66 00000020 00000000        DCD              0           ; Reserved
   67 00000024 00000000        DCD              0           ; Reserved
   68 00000028 00000000        DCD              0           ; Reserved
   69 0000002C 00000000        DCD              SVC_Handler ; -5 SVCall Handler
                                                            
   70 00000030 00000000        DCD              DebugMon_Handler ; -4 Debug Mon
                                                            itor Handler
   71 00000034 00000000        DCD              0           ; Reserved
   72 00000038 00000000        DCD              PendSV_Handler 
                                                            ; -2 PendSV Handler
                                                            
   73 0000003C 00000000        DCD              SysTick_Handler ; -1 SysTick Ha
                                                            ndler
   74 00000040         
   75 00000040         ; External Peripherals Interrupts
   76 00000040 00000000        DCD              UART0_Handler ; 0 UART0 Interru
                                                            pt handler
   77 00000044 00000000        DCD              UART1_Handler ; 1 UART1 Interru
                                                            pt handler
   78 00000048 00000000        DCD              TIMER0_Handler ; 2 TIMER0 Inter
                                                            rupt handler
   79 0000004C 00000000        DCD              TIMER1_Handler ; 3 TIMER1 Inter
                                                            rupt handler
   80 00000050 00000000        DCD              GPIO0_Handler ; 4 GPIO0 Interru
                                                            pt handler
   81 00000054 00000000        DCD              UARTOVF_Handler ; 5 UART0,1 Ove
                                                            rflow Interrupt han
                                                            dler
   82 00000058 00000000        DCD              RTC_Handler ; 6 RTC Interrupt h
                                                            andler
   83 0000005C 00000000        DCD              I2C_Handler ; 7 I2C Interrupt h



ARM Macro Assembler    Page 3 


                                                            andler
   84 00000060 00000000        DCD              Interrupt8_Handler ; 8 Interrup
                                                            t8 handler
   85 00000064 00000000        DCD              ENT_Handler ; 9 Ethernet Interr
                                                            upt handler
   86 00000068 00000000        DCD              Interrupt10_Handler ; 10 Interr
                                                            upt10 handler
   87 0000006C 00000000        DCD              Interrupt11_Handler ; 11 Interr
                                                            upt11 handler
   88 00000070 00000000        DCD              Interrupt12_Handler ; 12 Interr
                                                            upt12 handler
   89 00000074 00000000        DCD              Interrupt13_Handler ; 13 Interr
                                                            upt13 handler
   90 00000078 00000000        DCD              Interrupt14_Handler ; 14 Interr
                                                            upt14 handler
   91 0000007C 00000000        DCD              Interrupt15_Handler ; 15 Interr
                                                            upt15 handler
   92 00000080 00000000        DCD              GPIO0_0_Handler ; 16 GPIO0_0 In
                                                            terrupt handler
   93 00000084 00000000        DCD              GPIO0_1_Handler ; 17 GPIO0_1 In
                                                            terrupt handler
   94 00000088 00000000        DCD              GPIO0_2_Handler ; 18 GPIO0_2 In
                                                            terrupt handler
   95 0000008C 00000000        DCD              GPIO0_3_Handler ; 19 GPIO0_3 In
                                                            terrupt handler
   96 00000090 00000000        DCD              GPIO0_4_Handler ; 20 GPIO0_4 In
                                                            terrupt handler
   97 00000094 00000000        DCD              GPIO0_5_Handler ; 21 GPIO0_5 In
                                                            terrupt handler
   98 00000098 00000000        DCD              GPIO0_6_Handler ; 22 GPIO0_6 In
                                                            terrupt handler
   99 0000009C 00000000        DCD              GPIO0_7_Handler ; 23 GPIO0_7 In
                                                            terrupt handler
  100 000000A0 00000000        DCD              GPIO0_8_Handler ; 24 GPIO0_8 In
                                                            terrupt handler
  101 000000A4 00000000        DCD              GPIO0_9_Handler ; 25 GPIO0_9 In
                                                            terrupt handler
  102 000000A8 00000000        DCD              GPIO0_10_Handler ; 26 GPIO0_10 
                                                            Interrupt handler
  103 000000AC 00000000        DCD              GPIO0_11_Handler ; 27 GPIO0_11 
                                                            Interrupt handler
  104 000000B0 00000000        DCD              GPIO0_12_Handler ; 28 GPIO0_12 
                                                            Interrupt handler
  105 000000B4 00000000        DCD              GPIO0_13_Handler ; 29 GPIO0_13 
                                                            Interrupt handler
  106 000000B8 00000000        DCD              GPIO0_14_Handler ; 30 GPIO0_14 
                                                            Interrupt handler
  107 000000BC 00000000        DCD              GPIO0_15_Handler ; 31 GPIO0_15 
                                                            Interrupt handler
  108 000000C0 00000000        DCD              USER_INT0_Handler ; 32 USER_INT
                                                            0 Interrupt handler
                                                            
  109 000000C4 00000000        DCD              USER_INT1_Handler ; 33 USER_INT
                                                            1 Interrupt handler
                                                            
  110 000000C8 00000000        DCD              USER_INT2_Handler ; 34 USER_INT
                                                            2 Interrupt handler
                                                            
  111 000000CC 00000000        DCD              USER_INT3_Handler ; 35 USER_INT



ARM Macro Assembler    Page 4 


                                                            3 Interrupt handler
                                                            
  112 000000D0 00000000        DCD              USER_INT4_Handler ; 36 USER_INT
                                                            4 Interrupt handler
                                                            
  113 000000D4 00000000        DCD              USER_INT5_Handler ; 37 USER_INT
                                                            5 Interrupt handler
                                                            
  114 000000D8 00000000        DCD              USER_INT6_Handler ; 38 USER_INT
                                                            6 Interrupt handler
                                                            
  115 000000DC 00000000        DCD              USER_INT7_Handler ; 39 USER_INT
                                                            7 Interrupt handler
                                                            
  116 000000E0 00000000        DCD              USER_INT8_Handler ; 40 USER_INT
                                                            8 Interrupt handler
                                                            
  117 000000E4 00000000        DCD              USER_INT9_Handler ; 41 USER_INT
                                                            9 Interrupt handler
                                                            
  118 000000E8 00000000        DCD              USER_INT10_Handler ; 42 USER_IN
                                                            T10 Interrupt handl
                                                            er
  119 000000EC 00000000        DCD              USER_INT11_Handler ; 43 USER_IN
                                                            T11 Interrupt handl
                                                            er
  120 000000F0 00000000        DCD              USER_INT12_Handler ; 44 USER_IN
                                                            T12 Interrupt handl
                                                            er
  121 000000F4 00000000        DCD              USER_INT13_Handler ; 45 USER_IN
                                                            T13 Interrupt handl
                                                            er
  122 000000F8 00000000        DCD              USER_INT14_Handler ; 46 USER_IN
                                                            T14 Interrupt handl
                                                            er
  123 000000FC 00000000        DCD              USER_INT15_Handler ; 47 USER_IN
                                                            T15 Interrupt handl
                                                            er
  124 00000100         __Vectors_End
  125 00000100         
  126 00000100 00000100 
                       __Vectors_Size
                               EQU              __Vectors_End - __Vectors
  127 00000100         
  128 00000100                 AREA             |.text|, CODE, READONLY
  129 00000000         
  130 00000000         
  131 00000000         ; Reset Handler
  132 00000000         ; Branches to __main in the C library(which eventually c
                       alls main())
  133 00000000         Reset_Handler
                               PROC
  134 00000000                 EXPORT           Reset_Handler             [WEAK
]
  135 00000000                 IMPORT           SystemInit
  136 00000000                 IMPORT           __main
  137 00000000 4806            LDR              R0, =SystemInit
  138 00000002 4780            BLX              R0
  139 00000004 4806            LDR              R0, =__main



ARM Macro Assembler    Page 5 


  140 00000006 4700            BX               R0
  141 00000008                 ENDP
  142 00000008         
  143 00000008         
  144 00000008         ; Dummy Exception Handlers (infinite loops which can be 
                       modified)
  145 00000008         
  146 00000008         NMI_Handler
                               PROC
  147 00000008                 EXPORT           NMI_Handler               [WEAK
]
  148 00000008 E7FE            B                .
  149 0000000A                 ENDP
  151 0000000A         HardFault_Handler
                               PROC
  152 0000000A                 EXPORT           HardFault_Handler         [WEAK
]
  153 0000000A E7FE            B                .
  154 0000000C                 ENDP
  156 0000000C         MemManage_Handler
                               PROC
  157 0000000C                 EXPORT           MemManage_Handler         [WEAK
]
  158 0000000C E7FE            B                .
  159 0000000E                 ENDP
  161 0000000E         BusFault_Handler
                               PROC
  162 0000000E                 EXPORT           BusFault_Handler          [WEAK
]
  163 0000000E E7FE            B                .
  164 00000010                 ENDP
  166 00000010         UsageFault_Handler
                               PROC
  167 00000010                 EXPORT           UsageFault_Handler        [WEAK
]
  168 00000010 E7FE            B                .
  169 00000012                 ENDP
  170 00000012         SVC_Handler
                               PROC
  171 00000012                 EXPORT           SVC_Handler               [WEAK
]
  172 00000012 E7FE            B                .
  173 00000014                 ENDP
  175 00000014         DebugMon_Handler
                               PROC
  176 00000014                 EXPORT           DebugMon_Handler          [WEAK
]
  177 00000014 E7FE            B                .
  178 00000016                 ENDP
  180 00000016         PendSV_Handler
                               PROC
  181 00000016                 EXPORT           PendSV_Handler            [WEAK
]
  182 00000016 E7FE            B                .
  183 00000018                 ENDP
  185 00000018         SysTick_Handler
                               PROC
  186 00000018                 EXPORT           SysTick_Handler           [WEAK
]



ARM Macro Assembler    Page 6 


  187 00000018 E7FE            B                .
  188 0000001A                 ENDP
  189 0000001A         
  190 0000001A         Default_Handler
                               PROC
  191 0000001A                 EXPORT           UART0_Handler              [WEA
K]
  192 0000001A                 EXPORT           UART1_Handler              [WEA
K]
  193 0000001A                 EXPORT           TIMER0_Handler             [WEA
K]
  194 0000001A                 EXPORT           TIMER1_Handler             [WEA
K]
  195 0000001A                 EXPORT           GPIO0_Handler              [WEA
K]
  196 0000001A                 EXPORT           UARTOVF_Handler            [WEA
K]
  197 0000001A                 EXPORT           RTC_Handler                [WEA
K]
  198 0000001A                 EXPORT           I2C_Handler                [WEA
K]
  199 0000001A                 EXPORT           Interrupt8_Handler         [WEA
K]
  200 0000001A                 EXPORT           ENT_Handler                [WEA
K]
  201 0000001A                 EXPORT           Interrupt10_Handler        [WEA
K]
  202 0000001A                 EXPORT           Interrupt11_Handler        [WEA
K]
  203 0000001A                 EXPORT           Interrupt12_Handler        [WEA
K]
  204 0000001A                 EXPORT           Interrupt13_Handler        [WEA
K]
  205 0000001A                 EXPORT           Interrupt14_Handler        [WEA
K]
  206 0000001A                 EXPORT           Interrupt15_Handler        [WEA
K]
  207 0000001A                 EXPORT           GPIO0_0_Handler            [WEA
K]
  208 0000001A                 EXPORT           GPIO0_1_Handler            [WEA
K]
  209 0000001A                 EXPORT           GPIO0_2_Handler            [WEA
K]
  210 0000001A                 EXPORT           GPIO0_3_Handler            [WEA
K]
  211 0000001A                 EXPORT           GPIO0_4_Handler            [WEA
K]
  212 0000001A                 EXPORT           GPIO0_5_Handler            [WEA
K]
  213 0000001A                 EXPORT           GPIO0_6_Handler            [WEA
K]
  214 0000001A                 EXPORT           GPIO0_7_Handler            [WEA
K]
  215 0000001A                 EXPORT           GPIO0_8_Handler            [WEA
K]
  216 0000001A                 EXPORT           GPIO0_9_Handler            [WEA
K]
  217 0000001A                 EXPORT           GPIO0_10_Handler           [WEA
K]



ARM Macro Assembler    Page 7 


  218 0000001A                 EXPORT           GPIO0_11_Handler           [WEA
K]
  219 0000001A                 EXPORT           GPIO0_12_Handler           [WEA
K]
  220 0000001A                 EXPORT           GPIO0_13_Handler           [WEA
K]
  221 0000001A                 EXPORT           GPIO0_14_Handler           [WEA
K]
  222 0000001A                 EXPORT           GPIO0_15_Handler           [WEA
K]
  223 0000001A                 EXPORT           USER_INT0_Handler          [WEA
K]
  224 0000001A                 EXPORT           USER_INT1_Handler          [WEA
K]
  225 0000001A                 EXPORT           USER_INT2_Handler          [WEA
K]
  226 0000001A                 EXPORT           USER_INT3_Handler          [WEA
K]
  227 0000001A                 EXPORT           USER_INT4_Handler          [WEA
K]
  228 0000001A                 EXPORT           USER_INT5_Handler          [WEA
K]
  229 0000001A                 EXPORT           USER_INT6_Handler          [WEA
K]
  230 0000001A                 EXPORT           USER_INT7_Handler          [WEA
K]
  231 0000001A                 EXPORT           USER_INT8_Handler          [WEA
K]
  232 0000001A                 EXPORT           USER_INT9_Handler          [WEA
K]
  233 0000001A                 EXPORT           USER_INT10_Handler         [WEA
K]
  234 0000001A                 EXPORT           USER_INT11_Handler         [WEA
K]
  235 0000001A                 EXPORT           USER_INT12_Handler         [WEA
K]
  236 0000001A                 EXPORT           USER_INT13_Handler         [WEA
K]
  237 0000001A                 EXPORT           USER_INT14_Handler         [WEA
K]
  238 0000001A                 EXPORT           USER_INT15_Handler         [WEA
K]
  239 0000001A         
  240 0000001A         
  241 0000001A         UART0_Handler
  242 0000001A         UART1_Handler
  243 0000001A         TIMER0_Handler
  244 0000001A         TIMER1_Handler
  245 0000001A         GPIO0_Handler
  246 0000001A         UARTOVF_Handler
  247 0000001A         RTC_Handler
  248 0000001A         I2C_Handler
  249 0000001A         Interrupt8_Handler
  250 0000001A         ENT_Handler
  251 0000001A         Interrupt10_Handler
  252 0000001A         Interrupt11_Handler
  253 0000001A         Interrupt12_Handler
  254 0000001A         Interrupt13_Handler
  255 0000001A         Interrupt14_Handler



ARM Macro Assembler    Page 8 


  256 0000001A         Interrupt15_Handler
  257 0000001A         GPIO0_0_Handler
  258 0000001A         GPIO0_1_Handler
  259 0000001A         GPIO0_2_Handler
  260 0000001A         GPIO0_3_Handler
  261 0000001A         GPIO0_4_Handler
  262 0000001A         GPIO0_5_Handler
  263 0000001A         GPIO0_6_Handler
  264 0000001A         GPIO0_7_Handler
  265 0000001A         GPIO0_8_Handler
  266 0000001A         GPIO0_9_Handler
  267 0000001A         GPIO0_10_Handler
  268 0000001A         GPIO0_11_Handler
  269 0000001A         GPIO0_12_Handler
  270 0000001A         GPIO0_13_Handler
  271 0000001A         GPIO0_14_Handler
  272 0000001A         GPIO0_15_Handler
  273 0000001A         USER_INT0_Handler
  274 0000001A         USER_INT1_Handler
  275 0000001A         USER_INT2_Handler
  276 0000001A         USER_INT3_Handler
  277 0000001A         USER_INT4_Handler
  278 0000001A         USER_INT5_Handler
  279 0000001A         USER_INT6_Handler
  280 0000001A         USER_INT7_Handler
  281 0000001A         USER_INT8_Handler
  282 0000001A         USER_INT9_Handler
  283 0000001A         USER_INT10_Handler
  284 0000001A         USER_INT11_Handler
  285 0000001A         USER_INT12_Handler
  286 0000001A         USER_INT13_Handler
  287 0000001A         USER_INT14_Handler
  288 0000001A         USER_INT15_Handler
  289 0000001A E7FE            B                .
  290 0000001C         
  291 0000001C                 ENDP
  292 0000001C         
  293 0000001C         
  294 0000001C                 ALIGN
  295 0000001C         
  296 0000001C         ;*******************************************************
                       
  297 0000001C         ; User Initial Stack and Heap
  298 0000001C         ;*******************************************************
                       
  299 0000001C         
  300 0000001C                 IF               :DEF:__MICROLIB
  301 0000001C         
  302 0000001C                 EXPORT           __initial_sp
  303 0000001C                 EXPORT           __heap_base
  304 0000001C                 EXPORT           __heap_limit
  305 0000001C         
  306 0000001C                 ELSE
  321                          ENDIF
  322 0000001C         
  323 0000001C         
  324 0000001C                 END
              00000000 
              00000000 



ARM Macro Assembler    Page 9 


Command Line: --debug --xref --diag_suppress=9931 --cpu=Cortex-M4.fp.sp --apcs=
interwork --depend=.\objects\startup_FITI_M4.d -o.\objects\startup_FITI_M4.o -I
C:\Users\chiayinglee\AppData\Local\Arm\Packs\Keil\V2M-MPS2_CMx_BSP\1.8.0\Device
\CMSDK_CM4\Include --predefine="__MICROLIB SETA 1" --predefine="__UVISION_VERSI
ON SETA 538" --predefine="CMSDK_CM4_FP_VHT SETA 1" --list=.\listings\startup_fi
ti_m3.lst ..\STARTUP\startup_FITI_M4.s



ARM Macro Assembler    Page 1 Alphabetic symbol ordering
Relocatable symbols

STACK 00000000

Symbol: STACK
   Definitions
      At line 29 in file ..\STARTUP\startup_FITI_M4.s
   Uses
      None
Comment: STACK unused
Stack_Mem 00000000

Symbol: Stack_Mem
   Definitions
      At line 30 in file ..\STARTUP\startup_FITI_M4.s
   Uses
      None
Comment: Stack_Mem unused
__initial_sp 00001000

Symbol: __initial_sp
   Definitions
      At line 31 in file ..\STARTUP\startup_FITI_M4.s
   Uses
      At line 58 in file ..\STARTUP\startup_FITI_M4.s
      At line 302 in file ..\STARTUP\startup_FITI_M4.s

3 symbols



ARM Macro Assembler    Page 1 Alphabetic symbol ordering
Relocatable symbols

HEAP 00000000

Symbol: HEAP
   Definitions
      At line 41 in file ..\STARTUP\startup_FITI_M4.s
   Uses
      None
Comment: HEAP unused
Heap_Mem 00000000

Symbol: Heap_Mem
   Definitions
      At line 43 in file ..\STARTUP\startup_FITI_M4.s
   Uses
      None
Comment: Heap_Mem unused
__heap_base 00000000

Symbol: __heap_base
   Definitions
      At line 42 in file ..\STARTUP\startup_FITI_M4.s
   Uses
      At line 303 in file ..\STARTUP\startup_FITI_M4.s
Comment: __heap_base used once
__heap_limit 00006000

Symbol: __heap_limit
   Definitions
      At line 44 in file ..\STARTUP\startup_FITI_M4.s
   Uses
      At line 304 in file ..\STARTUP\startup_FITI_M4.s
Comment: __heap_limit used once
4 symbols



ARM Macro Assembler    Page 1 Alphabetic symbol ordering
Relocatable symbols

RESET 00000000

Symbol: RESET
   Definitions
      At line 53 in file ..\STARTUP\startup_FITI_M4.s
   Uses
      None
Comment: RESET unused
__Vectors 00000000

Symbol: __Vectors
   Definitions
      At line 58 in file ..\STARTUP\startup_FITI_M4.s
   Uses
      At line 54 in file ..\STARTUP\startup_FITI_M4.s
      At line 126 in file ..\STARTUP\startup_FITI_M4.s

__Vectors_End 00000100

Symbol: __Vectors_End
   Definitions
      At line 124 in file ..\STARTUP\startup_FITI_M4.s
   Uses
      At line 55 in file ..\STARTUP\startup_FITI_M4.s
      At line 126 in file ..\STARTUP\startup_FITI_M4.s

3 symbols



ARM Macro Assembler    Page 1 Alphabetic symbol ordering
Relocatable symbols

.text 00000000

Symbol: .text
   Definitions
      At line 128 in file ..\STARTUP\startup_FITI_M4.s
   Uses
      None
Comment: .text unused
BusFault_Handler 0000000E

Symbol: BusFault_Handler
   Definitions
      At line 161 in file ..\STARTUP\startup_FITI_M4.s
   Uses
      At line 63 in file ..\STARTUP\startup_FITI_M4.s
      At line 162 in file ..\STARTUP\startup_FITI_M4.s

DebugMon_Handler 00000014

Symbol: DebugMon_Handler
   Definitions
      At line 175 in file ..\STARTUP\startup_FITI_M4.s
   Uses
      At line 70 in file ..\STARTUP\startup_FITI_M4.s
      At line 176 in file ..\STARTUP\startup_FITI_M4.s

Default_Handler 0000001A

Symbol: Default_Handler
   Definitions
      At line 190 in file ..\STARTUP\startup_FITI_M4.s
   Uses
      None
Comment: Default_Handler unused
ENT_Handler 0000001A

Symbol: ENT_Handler
   Definitions
      At line 250 in file ..\STARTUP\startup_FITI_M4.s
   Uses
      At line 85 in file ..\STARTUP\startup_FITI_M4.s
      At line 200 in file ..\STARTUP\startup_FITI_M4.s

GPIO0_0_Handler 0000001A

Symbol: GPIO0_0_Handler
   Definitions
      At line 257 in file ..\STARTUP\startup_FITI_M4.s
   Uses
      At line 92 in file ..\STARTUP\startup_FITI_M4.s
      At line 207 in file ..\STARTUP\startup_FITI_M4.s

GPIO0_10_Handler 0000001A

Symbol: GPIO0_10_Handler
   Definitions
      At line 267 in file ..\STARTUP\startup_FITI_M4.s
   Uses
      At line 102 in file ..\STARTUP\startup_FITI_M4.s



ARM Macro Assembler    Page 2 Alphabetic symbol ordering
Relocatable symbols

      At line 217 in file ..\STARTUP\startup_FITI_M4.s

GPIO0_11_Handler 0000001A

Symbol: GPIO0_11_Handler
   Definitions
      At line 268 in file ..\STARTUP\startup_FITI_M4.s
   Uses
      At line 103 in file ..\STARTUP\startup_FITI_M4.s
      At line 218 in file ..\STARTUP\startup_FITI_M4.s

GPIO0_12_Handler 0000001A

Symbol: GPIO0_12_Handler
   Definitions
      At line 269 in file ..\STARTUP\startup_FITI_M4.s
   Uses
      At line 104 in file ..\STARTUP\startup_FITI_M4.s
      At line 219 in file ..\STARTUP\startup_FITI_M4.s

GPIO0_13_Handler 0000001A

Symbol: GPIO0_13_Handler
   Definitions
      At line 270 in file ..\STARTUP\startup_FITI_M4.s
   Uses
      At line 105 in file ..\STARTUP\startup_FITI_M4.s
      At line 220 in file ..\STARTUP\startup_FITI_M4.s

GPIO0_14_Handler 0000001A

Symbol: GPIO0_14_Handler
   Definitions
      At line 271 in file ..\STARTUP\startup_FITI_M4.s
   Uses
      At line 106 in file ..\STARTUP\startup_FITI_M4.s
      At line 221 in file ..\STARTUP\startup_FITI_M4.s

GPIO0_15_Handler 0000001A

Symbol: GPIO0_15_Handler
   Definitions
      At line 272 in file ..\STARTUP\startup_FITI_M4.s
   Uses
      At line 107 in file ..\STARTUP\startup_FITI_M4.s
      At line 222 in file ..\STARTUP\startup_FITI_M4.s

GPIO0_1_Handler 0000001A

Symbol: GPIO0_1_Handler
   Definitions
      At line 258 in file ..\STARTUP\startup_FITI_M4.s
   Uses
      At line 93 in file ..\STARTUP\startup_FITI_M4.s
      At line 208 in file ..\STARTUP\startup_FITI_M4.s

GPIO0_2_Handler 0000001A

Symbol: GPIO0_2_Handler



ARM Macro Assembler    Page 3 Alphabetic symbol ordering
Relocatable symbols

   Definitions
      At line 259 in file ..\STARTUP\startup_FITI_M4.s
   Uses
      At line 94 in file ..\STARTUP\startup_FITI_M4.s
      At line 209 in file ..\STARTUP\startup_FITI_M4.s

GPIO0_3_Handler 0000001A

Symbol: GPIO0_3_Handler
   Definitions
      At line 260 in file ..\STARTUP\startup_FITI_M4.s
   Uses
      At line 95 in file ..\STARTUP\startup_FITI_M4.s
      At line 210 in file ..\STARTUP\startup_FITI_M4.s

GPIO0_4_Handler 0000001A

Symbol: GPIO0_4_Handler
   Definitions
      At line 261 in file ..\STARTUP\startup_FITI_M4.s
   Uses
      At line 96 in file ..\STARTUP\startup_FITI_M4.s
      At line 211 in file ..\STARTUP\startup_FITI_M4.s

GPIO0_5_Handler 0000001A

Symbol: GPIO0_5_Handler
   Definitions
      At line 262 in file ..\STARTUP\startup_FITI_M4.s
   Uses
      At line 97 in file ..\STARTUP\startup_FITI_M4.s
      At line 212 in file ..\STARTUP\startup_FITI_M4.s

GPIO0_6_Handler 0000001A

Symbol: GPIO0_6_Handler
   Definitions
      At line 263 in file ..\STARTUP\startup_FITI_M4.s
   Uses
      At line 98 in file ..\STARTUP\startup_FITI_M4.s
      At line 213 in file ..\STARTUP\startup_FITI_M4.s

GPIO0_7_Handler 0000001A

Symbol: GPIO0_7_Handler
   Definitions
      At line 264 in file ..\STARTUP\startup_FITI_M4.s
   Uses
      At line 99 in file ..\STARTUP\startup_FITI_M4.s
      At line 214 in file ..\STARTUP\startup_FITI_M4.s

GPIO0_8_Handler 0000001A

Symbol: GPIO0_8_Handler
   Definitions
      At line 265 in file ..\STARTUP\startup_FITI_M4.s
   Uses
      At line 100 in file ..\STARTUP\startup_FITI_M4.s
      At line 215 in file ..\STARTUP\startup_FITI_M4.s



ARM Macro Assembler    Page 4 Alphabetic symbol ordering
Relocatable symbols


GPIO0_9_Handler 0000001A

Symbol: GPIO0_9_Handler
   Definitions
      At line 266 in file ..\STARTUP\startup_FITI_M4.s
   Uses
      At line 101 in file ..\STARTUP\startup_FITI_M4.s
      At line 216 in file ..\STARTUP\startup_FITI_M4.s

GPIO0_Handler 0000001A

Symbol: GPIO0_Handler
   Definitions
      At line 245 in file ..\STARTUP\startup_FITI_M4.s
   Uses
      At line 80 in file ..\STARTUP\startup_FITI_M4.s
      At line 195 in file ..\STARTUP\startup_FITI_M4.s

HardFault_Handler 0000000A

Symbol: HardFault_Handler
   Definitions
      At line 151 in file ..\STARTUP\startup_FITI_M4.s
   Uses
      At line 61 in file ..\STARTUP\startup_FITI_M4.s
      At line 152 in file ..\STARTUP\startup_FITI_M4.s

I2C_Handler 0000001A

Symbol: I2C_Handler
   Definitions
      At line 248 in file ..\STARTUP\startup_FITI_M4.s
   Uses
      At line 83 in file ..\STARTUP\startup_FITI_M4.s
      At line 198 in file ..\STARTUP\startup_FITI_M4.s

Interrupt10_Handler 0000001A

Symbol: Interrupt10_Handler
   Definitions
      At line 251 in file ..\STARTUP\startup_FITI_M4.s
   Uses
      At line 86 in file ..\STARTUP\startup_FITI_M4.s
      At line 201 in file ..\STARTUP\startup_FITI_M4.s

Interrupt11_Handler 0000001A

Symbol: Interrupt11_Handler
   Definitions
      At line 252 in file ..\STARTUP\startup_FITI_M4.s
   Uses
      At line 87 in file ..\STARTUP\startup_FITI_M4.s
      At line 202 in file ..\STARTUP\startup_FITI_M4.s

Interrupt12_Handler 0000001A

Symbol: Interrupt12_Handler
   Definitions



ARM Macro Assembler    Page 5 Alphabetic symbol ordering
Relocatable symbols

      At line 253 in file ..\STARTUP\startup_FITI_M4.s
   Uses
      At line 88 in file ..\STARTUP\startup_FITI_M4.s
      At line 203 in file ..\STARTUP\startup_FITI_M4.s

Interrupt13_Handler 0000001A

Symbol: Interrupt13_Handler
   Definitions
      At line 254 in file ..\STARTUP\startup_FITI_M4.s
   Uses
      At line 89 in file ..\STARTUP\startup_FITI_M4.s
      At line 204 in file ..\STARTUP\startup_FITI_M4.s

Interrupt14_Handler 0000001A

Symbol: Interrupt14_Handler
   Definitions
      At line 255 in file ..\STARTUP\startup_FITI_M4.s
   Uses
      At line 90 in file ..\STARTUP\startup_FITI_M4.s
      At line 205 in file ..\STARTUP\startup_FITI_M4.s

Interrupt15_Handler 0000001A

Symbol: Interrupt15_Handler
   Definitions
      At line 256 in file ..\STARTUP\startup_FITI_M4.s
   Uses
      At line 91 in file ..\STARTUP\startup_FITI_M4.s
      At line 206 in file ..\STARTUP\startup_FITI_M4.s

Interrupt8_Handler 0000001A

Symbol: Interrupt8_Handler
   Definitions
      At line 249 in file ..\STARTUP\startup_FITI_M4.s
   Uses
      At line 84 in file ..\STARTUP\startup_FITI_M4.s
      At line 199 in file ..\STARTUP\startup_FITI_M4.s

MemManage_Handler 0000000C

Symbol: MemManage_Handler
   Definitions
      At line 156 in file ..\STARTUP\startup_FITI_M4.s
   Uses
      At line 62 in file ..\STARTUP\startup_FITI_M4.s
      At line 157 in file ..\STARTUP\startup_FITI_M4.s

NMI_Handler 00000008

Symbol: NMI_Handler
   Definitions
      At line 146 in file ..\STARTUP\startup_FITI_M4.s
   Uses
      At line 60 in file ..\STARTUP\startup_FITI_M4.s
      At line 147 in file ..\STARTUP\startup_FITI_M4.s




ARM Macro Assembler    Page 6 Alphabetic symbol ordering
Relocatable symbols

PendSV_Handler 00000016

Symbol: PendSV_Handler
   Definitions
      At line 180 in file ..\STARTUP\startup_FITI_M4.s
   Uses
      At line 72 in file ..\STARTUP\startup_FITI_M4.s
      At line 181 in file ..\STARTUP\startup_FITI_M4.s

RTC_Handler 0000001A

Symbol: RTC_Handler
   Definitions
      At line 247 in file ..\STARTUP\startup_FITI_M4.s
   Uses
      At line 82 in file ..\STARTUP\startup_FITI_M4.s
      At line 197 in file ..\STARTUP\startup_FITI_M4.s

Reset_Handler 00000000

Symbol: Reset_Handler
   Definitions
      At line 133 in file ..\STARTUP\startup_FITI_M4.s
   Uses
      At line 59 in file ..\STARTUP\startup_FITI_M4.s
      At line 134 in file ..\STARTUP\startup_FITI_M4.s

SVC_Handler 00000012

Symbol: SVC_Handler
   Definitions
      At line 170 in file ..\STARTUP\startup_FITI_M4.s
   Uses
      At line 69 in file ..\STARTUP\startup_FITI_M4.s
      At line 171 in file ..\STARTUP\startup_FITI_M4.s

SysTick_Handler 00000018

Symbol: SysTick_Handler
   Definitions
      At line 185 in file ..\STARTUP\startup_FITI_M4.s
   Uses
      At line 73 in file ..\STARTUP\startup_FITI_M4.s
      At line 186 in file ..\STARTUP\startup_FITI_M4.s

TIMER0_Handler 0000001A

Symbol: TIMER0_Handler
   Definitions
      At line 243 in file ..\STARTUP\startup_FITI_M4.s
   Uses
      At line 78 in file ..\STARTUP\startup_FITI_M4.s
      At line 193 in file ..\STARTUP\startup_FITI_M4.s

TIMER1_Handler 0000001A

Symbol: TIMER1_Handler
   Definitions
      At line 244 in file ..\STARTUP\startup_FITI_M4.s



ARM Macro Assembler    Page 7 Alphabetic symbol ordering
Relocatable symbols

   Uses
      At line 79 in file ..\STARTUP\startup_FITI_M4.s
      At line 194 in file ..\STARTUP\startup_FITI_M4.s

UART0_Handler 0000001A

Symbol: UART0_Handler
   Definitions
      At line 241 in file ..\STARTUP\startup_FITI_M4.s
   Uses
      At line 76 in file ..\STARTUP\startup_FITI_M4.s
      At line 191 in file ..\STARTUP\startup_FITI_M4.s

UART1_Handler 0000001A

Symbol: UART1_Handler
   Definitions
      At line 242 in file ..\STARTUP\startup_FITI_M4.s
   Uses
      At line 77 in file ..\STARTUP\startup_FITI_M4.s
      At line 192 in file ..\STARTUP\startup_FITI_M4.s

UARTOVF_Handler 0000001A

Symbol: UARTOVF_Handler
   Definitions
      At line 246 in file ..\STARTUP\startup_FITI_M4.s
   Uses
      At line 81 in file ..\STARTUP\startup_FITI_M4.s
      At line 196 in file ..\STARTUP\startup_FITI_M4.s

USER_INT0_Handler 0000001A

Symbol: USER_INT0_Handler
   Definitions
      At line 273 in file ..\STARTUP\startup_FITI_M4.s
   Uses
      At line 108 in file ..\STARTUP\startup_FITI_M4.s
      At line 223 in file ..\STARTUP\startup_FITI_M4.s

USER_INT10_Handler 0000001A

Symbol: USER_INT10_Handler
   Definitions
      At line 283 in file ..\STARTUP\startup_FITI_M4.s
   Uses
      At line 118 in file ..\STARTUP\startup_FITI_M4.s
      At line 233 in file ..\STARTUP\startup_FITI_M4.s

USER_INT11_Handler 0000001A

Symbol: USER_INT11_Handler
   Definitions
      At line 284 in file ..\STARTUP\startup_FITI_M4.s
   Uses
      At line 119 in file ..\STARTUP\startup_FITI_M4.s
      At line 234 in file ..\STARTUP\startup_FITI_M4.s

USER_INT12_Handler 0000001A



ARM Macro Assembler    Page 8 Alphabetic symbol ordering
Relocatable symbols


Symbol: USER_INT12_Handler
   Definitions
      At line 285 in file ..\STARTUP\startup_FITI_M4.s
   Uses
      At line 120 in file ..\STARTUP\startup_FITI_M4.s
      At line 235 in file ..\STARTUP\startup_FITI_M4.s

USER_INT13_Handler 0000001A

Symbol: USER_INT13_Handler
   Definitions
      At line 286 in file ..\STARTUP\startup_FITI_M4.s
   Uses
      At line 121 in file ..\STARTUP\startup_FITI_M4.s
      At line 236 in file ..\STARTUP\startup_FITI_M4.s

USER_INT14_Handler 0000001A

Symbol: USER_INT14_Handler
   Definitions
      At line 287 in file ..\STARTUP\startup_FITI_M4.s
   Uses
      At line 122 in file ..\STARTUP\startup_FITI_M4.s
      At line 237 in file ..\STARTUP\startup_FITI_M4.s

USER_INT15_Handler 0000001A

Symbol: USER_INT15_Handler
   Definitions
      At line 288 in file ..\STARTUP\startup_FITI_M4.s
   Uses
      At line 123 in file ..\STARTUP\startup_FITI_M4.s
      At line 238 in file ..\STARTUP\startup_FITI_M4.s

USER_INT1_Handler 0000001A

Symbol: USER_INT1_Handler
   Definitions
      At line 274 in file ..\STARTUP\startup_FITI_M4.s
   Uses
      At line 109 in file ..\STARTUP\startup_FITI_M4.s
      At line 224 in file ..\STARTUP\startup_FITI_M4.s

USER_INT2_Handler 0000001A

Symbol: USER_INT2_Handler
   Definitions
      At line 275 in file ..\STARTUP\startup_FITI_M4.s
   Uses
      At line 110 in file ..\STARTUP\startup_FITI_M4.s
      At line 225 in file ..\STARTUP\startup_FITI_M4.s

USER_INT3_Handler 0000001A

Symbol: USER_INT3_Handler
   Definitions
      At line 276 in file ..\STARTUP\startup_FITI_M4.s
   Uses



ARM Macro Assembler    Page 9 Alphabetic symbol ordering
Relocatable symbols

      At line 111 in file ..\STARTUP\startup_FITI_M4.s
      At line 226 in file ..\STARTUP\startup_FITI_M4.s

USER_INT4_Handler 0000001A

Symbol: USER_INT4_Handler
   Definitions
      At line 277 in file ..\STARTUP\startup_FITI_M4.s
   Uses
      At line 112 in file ..\STARTUP\startup_FITI_M4.s
      At line 227 in file ..\STARTUP\startup_FITI_M4.s

USER_INT5_Handler 0000001A

Symbol: USER_INT5_Handler
   Definitions
      At line 278 in file ..\STARTUP\startup_FITI_M4.s
   Uses
      At line 113 in file ..\STARTUP\startup_FITI_M4.s
      At line 228 in file ..\STARTUP\startup_FITI_M4.s

USER_INT6_Handler 0000001A

Symbol: USER_INT6_Handler
   Definitions
      At line 279 in file ..\STARTUP\startup_FITI_M4.s
   Uses
      At line 114 in file ..\STARTUP\startup_FITI_M4.s
      At line 229 in file ..\STARTUP\startup_FITI_M4.s

USER_INT7_Handler 0000001A

Symbol: USER_INT7_Handler
   Definitions
      At line 280 in file ..\STARTUP\startup_FITI_M4.s
   Uses
      At line 115 in file ..\STARTUP\startup_FITI_M4.s
      At line 230 in file ..\STARTUP\startup_FITI_M4.s

USER_INT8_Handler 0000001A

Symbol: USER_INT8_Handler
   Definitions
      At line 281 in file ..\STARTUP\startup_FITI_M4.s
   Uses
      At line 116 in file ..\STARTUP\startup_FITI_M4.s
      At line 231 in file ..\STARTUP\startup_FITI_M4.s

USER_INT9_Handler 0000001A

Symbol: USER_INT9_Handler
   Definitions
      At line 282 in file ..\STARTUP\startup_FITI_M4.s
   Uses
      At line 117 in file ..\STARTUP\startup_FITI_M4.s
      At line 232 in file ..\STARTUP\startup_FITI_M4.s

UsageFault_Handler 00000010




ARM Macro Assembler    Page 10 Alphabetic symbol ordering
Relocatable symbols

Symbol: UsageFault_Handler
   Definitions
      At line 166 in file ..\STARTUP\startup_FITI_M4.s
   Uses
      At line 64 in file ..\STARTUP\startup_FITI_M4.s
      At line 167 in file ..\STARTUP\startup_FITI_M4.s

60 symbols



ARM Macro Assembler    Page 1 Alphabetic symbol ordering
Absolute symbols

Heap_Size 00006000

Symbol: Heap_Size
   Definitions
      At line 39 in file ..\STARTUP\startup_FITI_M4.s
   Uses
      At line 43 in file ..\STARTUP\startup_FITI_M4.s
Comment: Heap_Size used once
Stack_Size 00001000

Symbol: Stack_Size
   Definitions
      At line 27 in file ..\STARTUP\startup_FITI_M4.s
   Uses
      At line 30 in file ..\STARTUP\startup_FITI_M4.s
Comment: Stack_Size used once
__Vectors_Size 00000100

Symbol: __Vectors_Size
   Definitions
      At line 126 in file ..\STARTUP\startup_FITI_M4.s
   Uses
      At line 56 in file ..\STARTUP\startup_FITI_M4.s
Comment: __Vectors_Size used once
3 symbols



ARM Macro Assembler    Page 1 Alphabetic symbol ordering
External symbols

SystemInit 00000000

Symbol: SystemInit
   Definitions
      At line 135 in file ..\STARTUP\startup_FITI_M4.s
   Uses
      At line 137 in file ..\STARTUP\startup_FITI_M4.s
Comment: SystemInit used once
__main 00000000

Symbol: __main
   Definitions
      At line 136 in file ..\STARTUP\startup_FITI_M4.s
   Uses
      At line 139 in file ..\STARTUP\startup_FITI_M4.s
Comment: __main used once
2 symbols
411 symbols in table
